<?xml version="1.0" encoding="UTF-8"?>
<!-- Generated by org.testng.reporters.JUnitReportReporter -->
<testsuite hostname="LAPTOP-2DBV46KL" failures="0" tests="1" name="program.Hashmappr" time="0.009" errors="0" timestamp="2021-11-10T19:55:00 EST" skipped="0">
  <testcase classname="program.Hashmappr" name="mymethod" time="0.009"/>
  <system-out/>
</testsuite> <!-- program.Hashmappr -->
